#
# A fatal error has been detected by the Java Runtime Environment:
#
#  EXCEPTION_ACCESS_VIOLATION (0xc0000005) at pc=0x00000283abd47d51, pid=13600, tid=8884
#
# JRE version: OpenJDK Runtime Environment (11.0.7+10) (build 11.0.7+10-b765.64)
# Java VM: OpenJDK 64-Bit Server VM (11.0.7+10-b765.64, mixed mode, tiered, compressed oops, g1 gc, windows-amd64)
# Problematic frame:
# J 122 c1 java.util.concurrent.ConcurrentHashMap.get(Ljava/lang/Object;)Ljava/lang/Object; java.base@11.0.7 (162 bytes) @ 0x00000283abd47d51 [0x00000283abd47ca0+0x00000000000000b1]
#
# No core dump will be written. Minidumps are not enabled by default on client versions of Windows
#
# If you would like to submit a bug report, please visit:
#   http://bugreport.java.com/bugreport/crash.jsp
#

---------------  S U M M A R Y ------------

Command Line: -XX:TieredStopAtLevel=1 -Xverify:none -Dspring.output.ansi.enabled=always -Dcom.sun.management.jmxremote -Dspring.jmx.enabled=true -Dspring.liveBeansView.mbeanDomain -Dspring.application.admin.enabled=true -javaagent:C:\Program Files\JetBrains\IntelliJ IDEA 2020.1.1\lib\idea_rt.jar=60137:C:\Program Files\JetBrains\IntelliJ IDEA 2020.1.1\bin -Dfile.encoding=UTF-8 com.restaurants.zuul.ZuulApplication

Host: Intel(R) Core(TM) i7-1065G7 CPU @ 1.30GHz, 8 cores, 11G,  Windows 10 , 64 bit Build 18362 (10.0.18362.959)
Time: Wed Jul 22 13:11:46 2020 Hora de verano central (México) elapsed time: 7 seconds (0d 0h 0m 7s)

---------------  T H R E A D  ---------------

Current thread (0x00000283c5842000):  JavaThread "restartedMain" [_thread_in_Java, id=8884, stack(0x000000b903800000,0x000000b903900000)]

Stack: [0x000000b903800000,0x000000b903900000],  sp=0x000000b9038fd0b0,  free space=1012k
Native frames: (J=compiled Java code, j=interpreted, Vv=VM code, C=native code)
C  0x00000283abd47d51


siginfo: EXCEPTION_ACCESS_VIOLATION (0xc0000005), reading address 0x0000030747c0b9e0


Register to memory mapping:

RIP=0x00000283abd47d51 is at entry_point+177 in (nmethod*)0x00000283abd47a90
RAX=0x000000001e28f5ab is an unknown value
RBX={method} {0x00000283c43b6bd8} 'hashCode' '()I' in 'java/lang/String'
RCX=0x000000005094f040 is an unknown value
RDX=0x0000030000000010 is an unknown value
RSP=0x000000b9038fd0b0 is pointing into the stack for thread: 0x00000283c5842000
RBP=0x000000b9038fd9d8 is pointing into the stack for thread: 0x00000283c5842000
RSI=0x000000001e28eb83 is an unknown value
RDI=0x0000000747c0b990 is an oop: java.util.concurrent.ConcurrentHashMap 
{0x0000000747c0b990} - klass: 'java/util/concurrent/ConcurrentHashMap'
R8 =0x0000000747c0b9d0 is an oop: [Ljava.util.concurrent.ConcurrentHashMap$Node; 
{0x0000000747c0b9d0} - klass: 'java/util/concurrent/ConcurrentHashMap$Node'[]
 - length: 32
R9 =0x000000b9038fcf78 is pointing into the stack for thread: 0x00000283c5842000
R10=0x0000000000000010 is an unknown value
R11=0x00000007441e6dd8 is an oop: [B 
{0x00000007441e6dd8} - klass: {type array byte}
 - length: 1
R12=0x0 is NULL
R13=0x0000000000000014 is an unknown value
R14=0x0000000000000001 is an unknown value
R15=0x00000283c5842000 is a thread


Registers:
RAX=0x000000001e28f5ab, RBX=0x00000283c43b6bd0, RCX=0x000000005094f040, RDX=0x0000030000000010
RSP=0x000000b9038fd0b0, RBP=0x000000b9038fd9d8, RSI=0x000000001e28eb83, RDI=0x0000000747c0b990
R8 =0x0000000747c0b9d0, R9 =0x000000b9038fcf78, R10=0x0000000000000010, R11=0x00000007441e6dd8
R12=0x0000000000000000, R13=0x0000000000000014, R14=0x0000000000000001, R15=0x00000283c5842000
RIP=0x00000283abd47d51, EFLAGS=0x0000000000010202

Top of Stack: (sp=0x000000b9038fd0b0)
0x000000b9038fd0b0:   000000b9038fd9d8 00000283ac2a9e6c
0x000000b9038fd0c0:   000000b9038fd9d8 00000283ac158974
0x000000b9038fd0d0:   00000283c5842000 00000000072d905a
0x000000b9038fd0e0:   0000000743a563e8 00000007497fe368
0x000000b9038fd0f0:   0000000747959530 0000000747b57588
0x000000b9038fd100:   000000074797af18 0000000747c0b898
0x000000b9038fd110:   0000000747b57588 00000007497fdf10
0x000000b9038fd120:   0000000000000001 0000000747b57588
0x000000b9038fd130:   0000000747c0b990 0000000747bd1e48
0x000000b9038fd140:   0000000747c0ba60 000000071e28eb83
0x000000b9038fd150:   0000000000000000 00000007497fe338
0x000000b9038fd160:   000000b9038fd9d8 00000283ac5b7974
0x000000b9038fd170:   0000000800008588 00000007497fe368
0x000000b9038fd180:   0000000747b57588 0000000747c0b898
0x000000b9038fd190:   0000000000000000 00000007497fdf48
0x000000b9038fd1a0:   000000b9038fd9d8 00000283ac2ad7f4 

Instructions: (pc=0x00000283abd47d51)
0x00000283abd47c51:   50 00 c0 0a 64 01 f8 eb fd 06 50 00 c0 0a 64 01
0x00000283abd47c61:   f8 43 fd 06 50 00 c0 0a 64 05 64 03 f8 79 03 70
0x00000283abd47c71:   48 f9 7f 5b 70 60 f0 0a 80 11 60 01 f8 e2 fc 0e
0x00000283abd47c81:   90 0c 64 00 00 00 00 00 00 00 00 00 00 00 00 00
0x00000283abd47c91:   00 00 00 00 00 00 00 00 00 00 00 00 00 00 00 44
0x00000283abd47ca1:   8b 52 08 49 bc 00 00 00 00 08 00 00 00 4d 03 d4
0x00000283abd47cb1:   4d 33 e4 4c 3b d0 0f 85 43 fe 8b ff 66 66 90 89
0x00000283abd47cc1:   84 24 00 90 ff ff 55 48 81 ec b0 00 00 00 4c 89
0x00000283abd47cd1:   84 24 88 00 00 00 48 89 94 24 80 00 00 00 49 8b
0x00000283abd47ce1:   d0 66 66 90 48 b8 ff ff ff ff ff ff ff ff e8 9c
0x00000283abd47cf1:   ea 98 ff 48 8b c8 c1 e9 10 48 33 c8 81 e1 ff ff
0x00000283abd47d01:   ff 7f 89 8c 24 98 00 00 00 48 8b 94 24 80 00 00
0x00000283abd47d11:   00 44 8b 42 28 49 c1 e0 03 49 83 f8 00 0f 84 89
0x00000283abd47d21:   02 00 00 41 8b 50 0c 83 fa 00 0f 8e 7c 02 00 00
0x00000283abd47d31:   ff ca 48 23 d1 48 63 d2 48 8b f1 b9 02 00 00 00
0x00000283abd47d41:   48 d3 e2 49 ba 10 00 00 00 00 00 00 00 49 03 d2
0x00000283abd47d51:   45 8b 04 10 49 c1 e0 03 41 0f be 57 30 83 fa 00
0x00000283abd47d61:   0f 85 9c 02 00 00 49 83 f8 00 0f 84 2d 00 00 00
0x00000283abd47d71:   48 bb 08 b6 01 00 08 00 00 00 41 8b 50 08 49 bc
0x00000283abd47d81:   00 00 00 00 08 00 00 00 49 03 d4 4d 33 e4 48 3b
0x00000283abd47d91:   5a 38 0f 85 82 02 00 00 e9 00 00 00 00 49 8b f8
0x00000283abd47da1:   48 83 ff 00 0f 84 02 02 00 00 8b 5f 0c 3b de 0f
0x00000283abd47db1:   85 73 00 00 00 4c 8b 84 24 88 00 00 00 8b 57 10
0x00000283abd47dc1:   48 c1 e2 03 49 3b d0 0f 84 16 02 00 00 48 83 fa
0x00000283abd47dd1:   00 0f 85 08 00 00 00 48 8b ce e9 78 00 00 00 48
0x00000283abd47de1:   89 bc 24 90 00 00 00 49 8b f0 4c 8b c2 48 8b d6
0x00000283abd47df1:   0f 1f 40 00 48 b8 ff ff ff ff ff ff ff ff e8 dc
0x00000283abd47e01:   e9 98 ff 83 f8 00 48 8b bc 24 90 00 00 00 0f 85
0x00000283abd47e11:   cf 01 00 00 8b 8c 24 98 00 00 00 4c 8b 84 24 88
0x00000283abd47e21:   00 00 00 e9 2f 00 00 00 48 89 bc 24 90 00 00 00
0x00000283abd47e31:   83 fb 00 0f 8c 07 01 00 00 48 8b bc 24 90 00 00
0x00000283abd47e41:   00 8b 8c 24 98 00 00 00 4c 8b 84 24 88 00 00 00 


Stack slot to memory mapping:
stack at sp + 0 slots: 0x000000b9038fd9d8 is pointing into the stack for thread: 0x00000283c5842000
stack at sp + 1 slots: 0x00000283ac2a9e6c is at entry_point+684 in (nmethod*)0x00000283ac2a9990
stack at sp + 2 slots: 0x000000b9038fd9d8 is pointing into the stack for thread: 0x00000283c5842000
stack at sp + 3 slots: 0x00000283ac158974 is at entry_point+148 in (nmethod*)0x00000283ac158710
stack at sp + 4 slots: 0x00000283c5842000 is a thread
stack at sp + 5 slots: 0x00000000072d905a is an unknown value
stack at sp + 6 slots: 0x0000000743a563e8 is an oop: java.lang.String 
{0x0000000743a563e8} - klass: 'java/lang/String'
stack at sp + 7 slots: 0x00000007497fe368 is an oop: java.lang.StringBuilder 
{0x00000007497fe368} - klass: 'java/lang/StringBuilder'



---------------  P R O C E S S  ---------------

Threads class SMR info:
_java_thread_list=0x00000283c8a2daf0, length=22, elements={
0x00000283a7520800, 0x00000283c4bfc000, 0x00000283c4bff000, 0x00000283c4c59800,
0x00000283c4c5a800, 0x00000283c4c5c800, 0x00000283c4c67800, 0x00000283c4390800,
0x00000283c5581000, 0x00000283c5581800, 0x00000283c56da000, 0x00000283c587b000,
0x00000283c5842000, 0x00000283c6473000, 0x00000283c650f000, 0x00000283c8e84000,
0x00000283c8e87000, 0x00000283c8e83000, 0x00000283c8e81800, 0x00000283c8e88000,
0x00000283c8e84800, 0x00000283c8e82000
}

Java Threads: ( => current thread )
  0x00000283a7520800 JavaThread "main" [_thread_blocked, id=6464, stack(0x000000b902100000,0x000000b902200000)]
  0x00000283c4bfc000 JavaThread "Reference Handler" daemon [_thread_blocked, id=15604, stack(0x000000b902800000,0x000000b902900000)]
  0x00000283c4bff000 JavaThread "Finalizer" daemon [_thread_blocked, id=12508, stack(0x000000b902900000,0x000000b902a00000)]
  0x00000283c4c59800 JavaThread "Signal Dispatcher" daemon [_thread_blocked, id=1644, stack(0x000000b902a00000,0x000000b902b00000)]
  0x00000283c4c5a800 JavaThread "Attach Listener" daemon [_thread_blocked, id=16988, stack(0x000000b902b00000,0x000000b902c00000)]
  0x00000283c4c5c800 JavaThread "C1 CompilerThread0" daemon [_thread_blocked, id=14064, stack(0x000000b902c00000,0x000000b902d00000)]
  0x00000283c4c67800 JavaThread "Sweeper thread" daemon [_thread_blocked, id=16512, stack(0x000000b902d00000,0x000000b902e00000)]
  0x00000283c4390800 JavaThread "Common-Cleaner" daemon [_thread_blocked, id=14820, stack(0x000000b902e00000,0x000000b902f00000)]
  0x00000283c5581000 JavaThread "Monitor Ctrl-Break" daemon [_thread_in_native, id=9060, stack(0x000000b902f00000,0x000000b903000000)]
  0x00000283c5581800 JavaThread "Service Thread" daemon [_thread_blocked, id=16848, stack(0x000000b903000000,0x000000b903100000)]
  0x00000283c56da000 JavaThread "RMI TCP Accept-0" daemon [_thread_in_native, id=7592, stack(0x000000b903100000,0x000000b903200000)]
  0x00000283c587b000 JavaThread "Thread-0" [_thread_blocked, id=15032, stack(0x000000b903700000,0x000000b903800000)]
=>0x00000283c5842000 JavaThread "restartedMain" [_thread_in_Java, id=8884, stack(0x000000b903800000,0x000000b903900000)]
  0x00000283c6473000 JavaThread "RMI TCP Connection(1)-192.168.1.71" daemon [_thread_in_native, id=16772, stack(0x000000b903a00000,0x000000b903b00000)]
  0x00000283c650f000 JavaThread "RMI Scheduler(0)" daemon [_thread_blocked, id=12056, stack(0x000000b903b00000,0x000000b903c00000)]
  0x00000283c8e84000 JavaThread "spring.cloud.inetutils" daemon [_thread_blocked, id=10676, stack(0x000000b903900000,0x000000b903a00000)]
  0x00000283c8e87000 JavaThread "RxIoScheduler-1 (Evictor)" daemon [_thread_blocked, id=2120, stack(0x000000b904100000,0x000000b904200000)]
  0x00000283c8e83000 JavaThread "Catalina-utility-1" [_thread_blocked, id=4768, stack(0x000000b904200000,0x000000b904300000)]
  0x00000283c8e81800 JavaThread "Catalina-utility-2" [_thread_blocked, id=13124, stack(0x000000b904300000,0x000000b904400000)]
  0x00000283c8e88000 JavaThread "container-0" [_thread_blocked, id=15116, stack(0x000000b904400000,0x000000b904500000)]
  0x00000283c8e84800 JavaThread "File Watcher" daemon [_thread_blocked, id=10420, stack(0x000000b904500000,0x000000b904600000)]
  0x00000283c8e82000 JavaThread "SimpleHostRoutingFilter.connectionManagerTimer" daemon [_thread_blocked, id=16016, stack(0x000000b904600000,0x000000b904700000)]

Other Threads:
  0x00000283c4bd7000 VMThread "VM Thread" [stack: 0x000000b902700000,0x000000b902800000] [id=17248]
  0x00000283c56e0800 WatcherThread [stack: 0x000000b903200000,0x000000b903300000] [id=15228]
  0x00000283a7537800 GCTaskThread "GC Thread#0" [stack: 0x000000b902200000,0x000000b902300000] [id=2616]
  0x00000283c584c000 GCTaskThread "GC Thread#1" [stack: 0x000000b903300000,0x000000b903400000] [id=13748]
  0x00000283c5863000 GCTaskThread "GC Thread#2" [stack: 0x000000b903400000,0x000000b903500000] [id=16388]
  0x00000283c5870000 GCTaskThread "GC Thread#3" [stack: 0x000000b903500000,0x000000b903600000] [id=17172]
  0x00000283c63f8800 GCTaskThread "GC Thread#4" [stack: 0x000000b903c00000,0x000000b903d00000] [id=17344]
  0x00000283c668a000 GCTaskThread "GC Thread#5" [stack: 0x000000b903d00000,0x000000b903e00000] [id=16320]
  0x00000283c6639000 GCTaskThread "GC Thread#6" [stack: 0x000000b903e00000,0x000000b903f00000] [id=13916]
  0x00000283c6639800 GCTaskThread "GC Thread#7" [stack: 0x000000b903f00000,0x000000b904000000] [id=13964]
  0x00000283a757c000 ConcurrentGCThread "G1 Main Marker" [stack: 0x000000b902300000,0x000000b902400000] [id=14672]
  0x00000283a757e800 ConcurrentGCThread "G1 Conc#0" [stack: 0x000000b902400000,0x000000b902500000] [id=6536]
  0x00000283c66f9800 ConcurrentGCThread "G1 Conc#1" [stack: 0x000000b904000000,0x000000b904100000] [id=11992]
  0x00000283c423b000 ConcurrentGCThread "G1 Refine#0" [stack: 0x000000b902500000,0x000000b902600000] [id=6892]
  0x00000283c4f9f000 ConcurrentGCThread "G1 Refine#1" [stack: 0x000000b903600000,0x000000b903700000] [id=3940]
  0x00000283c423c000 ConcurrentGCThread "G1 Young RemSet Sampling" [stack: 0x000000b902600000,0x000000b902700000] [id=17220]

Threads with active compile tasks:

VM state:not at safepoint (normal execution)

VM Mutex/Monitor currently owned by a thread: None

Heap address: 0x0000000743800000, size: 3016 MB, Compressed Oops mode: Zero based, Oop shift amount: 3
Narrow klass base: 0x0000000800000000, Narrow klass shift: 0
Compressed class space size: 1073741824 Address: 0x0000000800000000

Heap:
 garbage-first heap   total 194560K, used 118495K [0x0000000743800000, 0x0000000800000000)
  region size 1024K, 108 young (110592K), 13 survivors (13312K)
 Metaspace       used 48022K, capacity 49734K, committed 50000K, reserved 1093632K
  class space    used 6197K, capacity 6848K, committed 6912K, reserved 1048576K
Heap Regions: E=young(eden), S=young(survivor), O=old, HS=humongous(starts), HC=humongous(continues), CS=collection set, F=free, A=archive, TAMS=top-at-mark-start (previous, next)
|   0|0x0000000743800000, 0x0000000743900000, 0x0000000743900000|100%| O|  |TAMS 0x0000000743900000, 0x0000000743800000| Untracked 
|   1|0x0000000743900000, 0x0000000743a00000, 0x0000000743a00000|100%| O|  |TAMS 0x0000000743a00000, 0x0000000743900000| Untracked 
|   2|0x0000000743a00000, 0x0000000743b00000, 0x0000000743b00000|100%| O|  |TAMS 0x0000000743b00000, 0x0000000743a00000| Untracked 
|   3|0x0000000743b00000, 0x0000000743c00000, 0x0000000743c00000|100%| O|  |TAMS 0x0000000743c00000, 0x0000000743b00000| Untracked 
|   4|0x0000000743c00000, 0x0000000743d00000, 0x0000000743d00000|100%| O|  |TAMS 0x0000000743d00000, 0x0000000743c00000| Untracked 
|   5|0x0000000743d00000, 0x0000000743e00000, 0x0000000743e00000|100%| O|  |TAMS 0x0000000743e00000, 0x0000000743d00000| Untracked 
|   6|0x0000000743e00000, 0x0000000743f00000, 0x0000000743f00000|100%| O|  |TAMS 0x0000000743f00000, 0x0000000743e00000| Untracked 
|   7|0x0000000743f00000, 0x0000000744000000, 0x0000000744000000|100%| O|  |TAMS 0x0000000743f8e000, 0x0000000743f00000| Untracked 
|   8|0x0000000744000000, 0x0000000744000000, 0x0000000744100000|  0%| F|  |TAMS 0x0000000744000000, 0x0000000744000000| Untracked 
|   9|0x0000000744100000, 0x0000000744200000, 0x0000000744200000|100%| O|  |TAMS 0x0000000744100000, 0x0000000744100000| Untracked 
|  10|0x0000000744200000, 0x0000000744233a00, 0x0000000744300000| 20%| O|  |TAMS 0x0000000744200000, 0x0000000744200000| Untracked 
|  11|0x0000000744300000, 0x0000000744300000, 0x0000000744400000|  0%| F|  |TAMS 0x0000000744300000, 0x0000000744300000| Untracked 
|  12|0x0000000744400000, 0x0000000744400000, 0x0000000744500000|  0%| F|  |TAMS 0x0000000744400000, 0x0000000744400000| Untracked 
|  13|0x0000000744500000, 0x0000000744500000, 0x0000000744600000|  0%| F|  |TAMS 0x0000000744500000, 0x0000000744500000| Untracked 
|  14|0x0000000744600000, 0x0000000744600000, 0x0000000744700000|  0%| F|  |TAMS 0x0000000744600000, 0x0000000744600000| Untracked 
|  15|0x0000000744700000, 0x0000000744700000, 0x0000000744800000|  0%| F|  |TAMS 0x0000000744700000, 0x0000000744700000| Untracked 
|  16|0x0000000744800000, 0x0000000744800000, 0x0000000744900000|  0%| F|  |TAMS 0x0000000744800000, 0x0000000744800000| Untracked 
|  17|0x0000000744900000, 0x0000000744900000, 0x0000000744a00000|  0%| F|  |TAMS 0x0000000744900000, 0x0000000744900000| Untracked 
|  18|0x0000000744a00000, 0x0000000744a00000, 0x0000000744b00000|  0%| F|  |TAMS 0x0000000744a00000, 0x0000000744a00000| Untracked 
|  19|0x0000000744b00000, 0x0000000744b00000, 0x0000000744c00000|  0%| F|  |TAMS 0x0000000744b00000, 0x0000000744b00000| Untracked 
|  20|0x0000000744c00000, 0x0000000744c00000, 0x0000000744d00000|  0%| F|  |TAMS 0x0000000744c00000, 0x0000000744c00000| Untracked 
|  21|0x0000000744d00000, 0x0000000744d00000, 0x0000000744e00000|  0%| F|  |TAMS 0x0000000744d00000, 0x0000000744d00000| Untracked 
|  22|0x0000000744e00000, 0x0000000744e00000, 0x0000000744f00000|  0%| F|  |TAMS 0x0000000744e00000, 0x0000000744e00000| Untracked 
|  23|0x0000000744f00000, 0x0000000744f00000, 0x0000000745000000|  0%| F|  |TAMS 0x0000000744f00000, 0x0000000744f00000| Untracked 
|  24|0x0000000745000000, 0x0000000745000000, 0x0000000745100000|  0%| F|  |TAMS 0x0000000745000000, 0x0000000745000000| Untracked 
|  25|0x0000000745100000, 0x0000000745100000, 0x0000000745200000|  0%| F|  |TAMS 0x0000000745100000, 0x0000000745100000| Untracked 
|  26|0x0000000745200000, 0x0000000745200000, 0x0000000745300000|  0%| F|  |TAMS 0x0000000745200000, 0x0000000745200000| Untracked 
|  27|0x0000000745300000, 0x0000000745300000, 0x0000000745400000|  0%| F|  |TAMS 0x0000000745300000, 0x0000000745300000| Untracked 
|  28|0x0000000745400000, 0x0000000745400000, 0x0000000745500000|  0%| F|  |TAMS 0x0000000745400000, 0x0000000745400000| Untracked 
|  29|0x0000000745500000, 0x0000000745500000, 0x0000000745600000|  0%| F|  |TAMS 0x0000000745500000, 0x0000000745500000| Untracked 
|  30|0x0000000745600000, 0x0000000745600000, 0x0000000745700000|  0%| F|  |TAMS 0x0000000745600000, 0x0000000745600000| Untracked 
|  31|0x0000000745700000, 0x0000000745700000, 0x0000000745800000|  0%| F|  |TAMS 0x0000000745700000, 0x0000000745700000| Untracked 
|  32|0x0000000745800000, 0x0000000745800000, 0x0000000745900000|  0%| F|  |TAMS 0x0000000745800000, 0x0000000745800000| Untracked 
|  33|0x0000000745900000, 0x0000000745900000, 0x0000000745a00000|  0%| F|  |TAMS 0x0000000745900000, 0x0000000745900000| Untracked 
|  34|0x0000000745a00000, 0x0000000745a00000, 0x0000000745b00000|  0%| F|  |TAMS 0x0000000745a00000, 0x0000000745a00000| Untracked 
|  35|0x0000000745b00000, 0x0000000745b00000, 0x0000000745c00000|  0%| F|  |TAMS 0x0000000745b00000, 0x0000000745b00000| Untracked 
|  36|0x0000000745c00000, 0x0000000745c00000, 0x0000000745d00000|  0%| F|  |TAMS 0x0000000745c00000, 0x0000000745c00000| Untracked 
|  37|0x0000000745d00000, 0x0000000745d00000, 0x0000000745e00000|  0%| F|  |TAMS 0x0000000745d00000, 0x0000000745d00000| Untracked 
|  38|0x0000000745e00000, 0x0000000745e00000, 0x0000000745f00000|  0%| F|  |TAMS 0x0000000745e00000, 0x0000000745e00000| Untracked 
|  39|0x0000000745f00000, 0x0000000745f00000, 0x0000000746000000|  0%| F|  |TAMS 0x0000000745f00000, 0x0000000745f00000| Untracked 
|  40|0x0000000746000000, 0x0000000746000000, 0x0000000746100000|  0%| F|  |TAMS 0x0000000746000000, 0x0000000746000000| Untracked 
|  41|0x0000000746100000, 0x0000000746100000, 0x0000000746200000|  0%| F|  |TAMS 0x0000000746100000, 0x0000000746100000| Untracked 
|  42|0x0000000746200000, 0x0000000746200000, 0x0000000746300000|  0%| F|  |TAMS 0x0000000746200000, 0x0000000746200000| Untracked 
|  43|0x0000000746300000, 0x0000000746300000, 0x0000000746400000|  0%| F|  |TAMS 0x0000000746300000, 0x0000000746300000| Untracked 
|  44|0x0000000746400000, 0x0000000746400000, 0x0000000746500000|  0%| F|  |TAMS 0x0000000746400000, 0x0000000746400000| Untracked 
|  45|0x0000000746500000, 0x0000000746500000, 0x0000000746600000|  0%| F|  |TAMS 0x0000000746500000, 0x0000000746500000| Untracked 
|  46|0x0000000746600000, 0x0000000746600000, 0x0000000746700000|  0%| F|  |TAMS 0x0000000746600000, 0x0000000746600000| Untracked 
|  47|0x0000000746700000, 0x0000000746700000, 0x0000000746800000|  0%| F|  |TAMS 0x0000000746700000, 0x0000000746700000| Untracked 
|  48|0x0000000746800000, 0x0000000746800000, 0x0000000746900000|  0%| F|  |TAMS 0x0000000746800000, 0x0000000746800000| Untracked 
|  49|0x0000000746900000, 0x0000000746900000, 0x0000000746a00000|  0%| F|  |TAMS 0x0000000746900000, 0x0000000746900000| Untracked 
|  50|0x0000000746a00000, 0x0000000746a00000, 0x0000000746b00000|  0%| F|  |TAMS 0x0000000746a00000, 0x0000000746a00000| Untracked 
|  51|0x0000000746b00000, 0x0000000746b00000, 0x0000000746c00000|  0%| F|  |TAMS 0x0000000746b00000, 0x0000000746b00000| Untracked 
|  52|0x0000000746c00000, 0x0000000746c00000, 0x0000000746d00000|  0%| F|  |TAMS 0x0000000746c00000, 0x0000000746c00000| Untracked 
|  53|0x0000000746d00000, 0x0000000746d00000, 0x0000000746e00000|  0%| F|  |TAMS 0x0000000746d00000, 0x0000000746d00000| Untracked 
|  54|0x0000000746e00000, 0x0000000746e00000, 0x0000000746f00000|  0%| F|  |TAMS 0x0000000746e00000, 0x0000000746e00000| Untracked 
|  55|0x0000000746f00000, 0x0000000746f00000, 0x0000000747000000|  0%| F|  |TAMS 0x0000000746f00000, 0x0000000746f00000| Untracked 
|  56|0x0000000747000000, 0x0000000747000000, 0x0000000747100000|  0%| F|  |TAMS 0x0000000747000000, 0x0000000747000000| Untracked 
|  57|0x0000000747100000, 0x0000000747100000, 0x0000000747200000|  0%| F|  |TAMS 0x0000000747100000, 0x0000000747100000| Untracked 
|  58|0x0000000747200000, 0x0000000747200000, 0x0000000747300000|  0%| F|  |TAMS 0x0000000747200000, 0x0000000747200000| Untracked 
|  59|0x0000000747300000, 0x0000000747300000, 0x0000000747400000|  0%| F|  |TAMS 0x0000000747300000, 0x0000000747300000| Untracked 
|  60|0x0000000747400000, 0x0000000747400000, 0x0000000747500000|  0%| F|  |TAMS 0x0000000747400000, 0x0000000747400000| Untracked 
|  61|0x0000000747500000, 0x0000000747500000, 0x0000000747600000|  0%| F|  |TAMS 0x0000000747500000, 0x0000000747500000| Untracked 
|  62|0x0000000747600000, 0x0000000747600000, 0x0000000747700000|  0%| F|  |TAMS 0x0000000747600000, 0x0000000747600000| Untracked 
|  63|0x0000000747700000, 0x00000007477844d0, 0x0000000747800000| 51%| S|CS|TAMS 0x0000000747700000, 0x0000000747700000| Complete 
|  64|0x0000000747800000, 0x0000000747900000, 0x0000000747900000|100%| S|CS|TAMS 0x0000000747800000, 0x0000000747800000| Complete 
|  65|0x0000000747900000, 0x0000000747a00000, 0x0000000747a00000|100%| S|CS|TAMS 0x0000000747900000, 0x0000000747900000| Complete 
|  66|0x0000000747a00000, 0x0000000747b00000, 0x0000000747b00000|100%| S|CS|TAMS 0x0000000747a00000, 0x0000000747a00000| Complete 
|  67|0x0000000747b00000, 0x0000000747c00000, 0x0000000747c00000|100%| S|CS|TAMS 0x0000000747b00000, 0x0000000747b00000| Complete 
|  68|0x0000000747c00000, 0x0000000747d00000, 0x0000000747d00000|100%| S|CS|TAMS 0x0000000747c00000, 0x0000000747c00000| Complete 
|  69|0x0000000747d00000, 0x0000000747e00000, 0x0000000747e00000|100%| S|CS|TAMS 0x0000000747d00000, 0x0000000747d00000| Complete 
|  70|0x0000000747e00000, 0x0000000747f00000, 0x0000000747f00000|100%| S|CS|TAMS 0x0000000747e00000, 0x0000000747e00000| Complete 
|  71|0x0000000747f00000, 0x0000000748000000, 0x0000000748000000|100%| S|CS|TAMS 0x0000000747f00000, 0x0000000747f00000| Complete 
|  72|0x0000000748000000, 0x0000000748100000, 0x0000000748100000|100%| S|CS|TAMS 0x0000000748000000, 0x0000000748000000| Complete 
|  73|0x0000000748100000, 0x0000000748200000, 0x0000000748200000|100%| S|CS|TAMS 0x0000000748100000, 0x0000000748100000| Complete 
|  74|0x0000000748200000, 0x0000000748300000, 0x0000000748300000|100%| S|CS|TAMS 0x0000000748200000, 0x0000000748200000| Complete 
|  75|0x0000000748300000, 0x0000000748400000, 0x0000000748400000|100%| S|CS|TAMS 0x0000000748300000, 0x0000000748300000| Complete 
|  76|0x0000000748400000, 0x0000000748400000, 0x0000000748500000|  0%| F|  |TAMS 0x0000000748400000, 0x0000000748400000| Untracked 
|  77|0x0000000748500000, 0x0000000748500000, 0x0000000748600000|  0%| F|  |TAMS 0x0000000748500000, 0x0000000748500000| Untracked 
|  78|0x0000000748600000, 0x0000000748600000, 0x0000000748700000|  0%| F|  |TAMS 0x0000000748600000, 0x0000000748600000| Untracked 
|  79|0x0000000748700000, 0x0000000748700000, 0x0000000748800000|  0%| F|  |TAMS 0x0000000748700000, 0x0000000748700000| Untracked 
|  80|0x0000000748800000, 0x0000000748800000, 0x0000000748900000|  0%| F|  |TAMS 0x0000000748800000, 0x0000000748800000| Untracked 
|  81|0x0000000748900000, 0x0000000748900000, 0x0000000748a00000|  0%| F|  |TAMS 0x0000000748900000, 0x0000000748900000| Untracked 
|  82|0x0000000748a00000, 0x0000000748a00000, 0x0000000748b00000|  0%| F|  |TAMS 0x0000000748a00000, 0x0000000748a00000| Untracked 
|  83|0x0000000748b00000, 0x0000000748b00000, 0x0000000748c00000|  0%| F|  |TAMS 0x0000000748b00000, 0x0000000748b00000| Untracked 
|  84|0x0000000748c00000, 0x0000000748c00000, 0x0000000748d00000|  0%| F|  |TAMS 0x0000000748c00000, 0x0000000748c00000| Untracked 
|  85|0x0000000748d00000, 0x0000000748d00000, 0x0000000748e00000|  0%| F|  |TAMS 0x0000000748d00000, 0x0000000748d00000| Untracked 
|  86|0x0000000748e00000, 0x0000000748e00000, 0x0000000748f00000|  0%| F|  |TAMS 0x0000000748e00000, 0x0000000748e00000| Untracked 
|  87|0x0000000748f00000, 0x0000000748f00000, 0x0000000749000000|  0%| F|  |TAMS 0x0000000748f00000, 0x0000000748f00000| Untracked 
|  88|0x0000000749000000, 0x0000000749000000, 0x0000000749100000|  0%| F|  |TAMS 0x0000000749000000, 0x0000000749000000| Untracked 
|  89|0x0000000749100000, 0x0000000749100000, 0x0000000749200000|  0%| F|  |TAMS 0x0000000749100000, 0x0000000749100000| Untracked 
|  90|0x0000000749200000, 0x0000000749200000, 0x0000000749300000|  0%| F|  |TAMS 0x0000000749200000, 0x0000000749200000| Untracked 
|  91|0x0000000749300000, 0x0000000749300000, 0x0000000749400000|  0%| F|  |TAMS 0x0000000749300000, 0x0000000749300000| Untracked 
|  92|0x0000000749400000, 0x0000000749400000, 0x0000000749500000|  0%| F|  |TAMS 0x0000000749400000, 0x0000000749400000| Untracked 
|  93|0x0000000749500000, 0x0000000749500000, 0x0000000749600000|  0%| F|  |TAMS 0x0000000749500000, 0x0000000749500000| Untracked 
|  94|0x0000000749600000, 0x0000000749600000, 0x0000000749700000|  0%| F|  |TAMS 0x0000000749600000, 0x0000000749600000| Untracked 
|  95|0x0000000749700000, 0x0000000749800000, 0x0000000749800000|100%| E|  |TAMS 0x0000000749700000, 0x0000000749700000| Complete 
|  96|0x0000000749800000, 0x0000000749900000, 0x0000000749900000|100%| E|CS|TAMS 0x0000000749800000, 0x0000000749800000| Complete 
|  97|0x0000000749900000, 0x0000000749a00000, 0x0000000749a00000|100%| E|CS|TAMS 0x0000000749900000, 0x0000000749900000| Complete 
|  98|0x0000000749a00000, 0x0000000749b00000, 0x0000000749b00000|100%| E|CS|TAMS 0x0000000749a00000, 0x0000000749a00000| Complete 
|  99|0x0000000749b00000, 0x0000000749c00000, 0x0000000749c00000|100%| E|CS|TAMS 0x0000000749b00000, 0x0000000749b00000| Complete 
| 100|0x0000000749c00000, 0x0000000749d00000, 0x0000000749d00000|100%| E|CS|TAMS 0x0000000749c00000, 0x0000000749c00000| Complete 
| 101|0x0000000749d00000, 0x0000000749e00000, 0x0000000749e00000|100%| E|CS|TAMS 0x0000000749d00000, 0x0000000749d00000| Complete 
| 102|0x0000000749e00000, 0x0000000749f00000, 0x0000000749f00000|100%| E|CS|TAMS 0x0000000749e00000, 0x0000000749e00000| Complete 
| 103|0x0000000749f00000, 0x000000074a000000, 0x000000074a000000|100%| E|CS|TAMS 0x0000000749f00000, 0x0000000749f00000| Complete 
| 104|0x000000074a000000, 0x000000074a100000, 0x000000074a100000|100%| E|CS|TAMS 0x000000074a000000, 0x000000074a000000| Complete 
| 105|0x000000074a100000, 0x000000074a200000, 0x000000074a200000|100%| E|CS|TAMS 0x000000074a100000, 0x000000074a100000| Complete 
| 106|0x000000074a200000, 0x000000074a300000, 0x000000074a300000|100%| E|CS|TAMS 0x000000074a200000, 0x000000074a200000| Complete 
| 107|0x000000074a300000, 0x000000074a400000, 0x000000074a400000|100%| E|CS|TAMS 0x000000074a300000, 0x000000074a300000| Complete 
| 108|0x000000074a400000, 0x000000074a500000, 0x000000074a500000|100%| E|CS|TAMS 0x000000074a400000, 0x000000074a400000| Complete 
| 109|0x000000074a500000, 0x000000074a600000, 0x000000074a600000|100%| E|CS|TAMS 0x000000074a500000, 0x000000074a500000| Complete 
| 110|0x000000074a600000, 0x000000074a700000, 0x000000074a700000|100%| E|CS|TAMS 0x000000074a600000, 0x000000074a600000| Complete 
| 111|0x000000074a700000, 0x000000074a800000, 0x000000074a800000|100%| E|CS|TAMS 0x000000074a700000, 0x000000074a700000| Complete 
| 112|0x000000074a800000, 0x000000074a900000, 0x000000074a900000|100%| E|CS|TAMS 0x000000074a800000, 0x000000074a800000| Complete 
| 113|0x000000074a900000, 0x000000074aa00000, 0x000000074aa00000|100%| E|CS|TAMS 0x000000074a900000, 0x000000074a900000| Complete 
| 114|0x000000074aa00000, 0x000000074ab00000, 0x000000074ab00000|100%| E|CS|TAMS 0x000000074aa00000, 0x000000074aa00000| Complete 
| 115|0x000000074ab00000, 0x000000074ac00000, 0x000000074ac00000|100%| E|CS|TAMS 0x000000074ab00000, 0x000000074ab00000| Complete 
| 116|0x000000074ac00000, 0x000000074ad00000, 0x000000074ad00000|100%| E|CS|TAMS 0x000000074ac00000, 0x000000074ac00000| Complete 
| 117|0x000000074ad00000, 0x000000074ae00000, 0x000000074ae00000|100%| E|CS|TAMS 0x000000074ad00000, 0x000000074ad00000| Complete 
| 118|0x000000074ae00000, 0x000000074af00000, 0x000000074af00000|100%| E|CS|TAMS 0x000000074ae00000, 0x000000074ae00000| Complete 
| 119|0x000000074af00000, 0x000000074b000000, 0x000000074b000000|100%| E|CS|TAMS 0x000000074af00000, 0x000000074af00000| Complete 
| 120|0x000000074b000000, 0x000000074b100000, 0x000000074b100000|100%| E|CS|TAMS 0x000000074b000000, 0x000000074b000000| Complete 
| 121|0x000000074b100000, 0x000000074b200000, 0x000000074b200000|100%| E|CS|TAMS 0x000000074b100000, 0x000000074b100000| Complete 
| 122|0x000000074b200000, 0x000000074b300000, 0x000000074b300000|100%| E|CS|TAMS 0x000000074b200000, 0x000000074b200000| Complete 
| 123|0x000000074b300000, 0x000000074b400000, 0x000000074b400000|100%| E|CS|TAMS 0x000000074b300000, 0x000000074b300000| Complete 
| 124|0x000000074b400000, 0x000000074b500000, 0x000000074b500000|100%| E|CS|TAMS 0x000000074b400000, 0x000000074b400000| Complete 
| 125|0x000000074b500000, 0x000000074b600000, 0x000000074b600000|100%| E|CS|TAMS 0x000000074b500000, 0x000000074b500000| Complete 
| 126|0x000000074b600000, 0x000000074b700000, 0x000000074b700000|100%| E|CS|TAMS 0x000000074b600000, 0x000000074b600000| Complete 
| 127|0x000000074b700000, 0x000000074b800000, 0x000000074b800000|100%| E|CS|TAMS 0x000000074b700000, 0x000000074b700000| Complete 
| 128|0x000000074b800000, 0x000000074b900000, 0x000000074b900000|100%| E|CS|TAMS 0x000000074b800000, 0x000000074b800000| Complete 
| 129|0x000000074b900000, 0x000000074ba00000, 0x000000074ba00000|100%| E|CS|TAMS 0x000000074b900000, 0x000000074b900000| Complete 
| 130|0x000000074ba00000, 0x000000074bb00000, 0x000000074bb00000|100%| E|CS|TAMS 0x000000074ba00000, 0x000000074ba00000| Complete 
| 131|0x000000074bb00000, 0x000000074bc00000, 0x000000074bc00000|100%| E|CS|TAMS 0x000000074bb00000, 0x000000074bb00000| Complete 
| 132|0x000000074bc00000, 0x000000074bd00000, 0x000000074bd00000|100%| E|CS|TAMS 0x000000074bc00000, 0x000000074bc00000| Complete 
| 133|0x000000074bd00000, 0x000000074be00000, 0x000000074be00000|100%| E|CS|TAMS 0x000000074bd00000, 0x000000074bd00000| Complete 
| 134|0x000000074be00000, 0x000000074bf00000, 0x000000074bf00000|100%| E|CS|TAMS 0x000000074be00000, 0x000000074be00000| Complete 
| 135|0x000000074bf00000, 0x000000074c000000, 0x000000074c000000|100%| E|CS|TAMS 0x000000074bf00000, 0x000000074bf00000| Complete 
| 136|0x000000074c000000, 0x000000074c100000, 0x000000074c100000|100%| E|CS|TAMS 0x000000074c000000, 0x000000074c000000| Complete 
| 137|0x000000074c100000, 0x000000074c200000, 0x000000074c200000|100%| E|CS|TAMS 0x000000074c100000, 0x000000074c100000| Complete 
| 138|0x000000074c200000, 0x000000074c300000, 0x000000074c300000|100%| E|CS|TAMS 0x000000074c200000, 0x000000074c200000| Complete 
| 139|0x000000074c300000, 0x000000074c400000, 0x000000074c400000|100%| E|CS|TAMS 0x000000074c300000, 0x000000074c300000| Complete 
| 140|0x000000074c400000, 0x000000074c500000, 0x000000074c500000|100%| E|CS|TAMS 0x000000074c400000, 0x000000074c400000| Complete 
| 141|0x000000074c500000, 0x000000074c600000, 0x000000074c600000|100%| E|CS|TAMS 0x000000074c500000, 0x000000074c500000| Complete 
| 142|0x000000074c600000, 0x000000074c700000, 0x000000074c700000|100%| E|CS|TAMS 0x000000074c600000, 0x000000074c600000| Complete 
| 143|0x000000074c700000, 0x000000074c800000, 0x000000074c800000|100%| E|CS|TAMS 0x000000074c700000, 0x000000074c700000| Complete 
| 144|0x000000074c800000, 0x000000074c900000, 0x000000074c900000|100%| E|CS|TAMS 0x000000074c800000, 0x000000074c800000| Complete 
| 145|0x000000074c900000, 0x000000074ca00000, 0x000000074ca00000|100%| E|CS|TAMS 0x000000074c900000, 0x000000074c900000| Complete 
| 146|0x000000074ca00000, 0x000000074cb00000, 0x000000074cb00000|100%| E|CS|TAMS 0x000000074ca00000, 0x000000074ca00000| Complete 
| 147|0x000000074cb00000, 0x000000074cc00000, 0x000000074cc00000|100%| E|CS|TAMS 0x000000074cb00000, 0x000000074cb00000| Complete 
| 148|0x000000074cc00000, 0x000000074cd00000, 0x000000074cd00000|100%| E|CS|TAMS 0x000000074cc00000, 0x000000074cc00000| Complete 
| 149|0x000000074cd00000, 0x000000074ce00000, 0x000000074ce00000|100%| E|CS|TAMS 0x000000074cd00000, 0x000000074cd00000| Complete 
| 150|0x000000074ce00000, 0x000000074cf00000, 0x000000074cf00000|100%| E|CS|TAMS 0x000000074ce00000, 0x000000074ce00000| Complete 
| 151|0x000000074cf00000, 0x000000074d000000, 0x000000074d000000|100%| E|CS|TAMS 0x000000074cf00000, 0x000000074cf00000| Complete 
| 152|0x000000074d000000, 0x000000074d100000, 0x000000074d100000|100%| E|CS|TAMS 0x000000074d000000, 0x000000074d000000| Complete 
| 153|0x000000074d100000, 0x000000074d200000, 0x000000074d200000|100%| E|CS|TAMS 0x000000074d100000, 0x000000074d100000| Complete 
| 154|0x000000074d200000, 0x000000074d300000, 0x000000074d300000|100%| E|CS|TAMS 0x000000074d200000, 0x000000074d200000| Complete 
| 155|0x000000074d300000, 0x000000074d400000, 0x000000074d400000|100%| E|CS|TAMS 0x000000074d300000, 0x000000074d300000| Complete 
| 156|0x000000074d400000, 0x000000074d500000, 0x000000074d500000|100%| E|CS|TAMS 0x000000074d400000, 0x000000074d400000| Complete 
| 157|0x000000074d500000, 0x000000074d600000, 0x000000074d600000|100%| E|CS|TAMS 0x000000074d500000, 0x000000074d500000| Complete 
| 158|0x000000074d600000, 0x000000074d700000, 0x000000074d700000|100%| E|CS|TAMS 0x000000074d600000, 0x000000074d600000| Complete 
| 159|0x000000074d700000, 0x000000074d800000, 0x000000074d800000|100%| E|CS|TAMS 0x000000074d700000, 0x000000074d700000| Complete 
| 160|0x000000074d800000, 0x000000074d900000, 0x000000074d900000|100%| E|CS|TAMS 0x000000074d800000, 0x000000074d800000| Complete 
| 161|0x000000074d900000, 0x000000074da00000, 0x000000074da00000|100%| E|CS|TAMS 0x000000074d900000, 0x000000074d900000| Complete 
| 162|0x000000074da00000, 0x000000074db00000, 0x000000074db00000|100%| E|CS|TAMS 0x000000074da00000, 0x000000074da00000| Complete 
| 163|0x000000074db00000, 0x000000074dc00000, 0x000000074dc00000|100%| E|CS|TAMS 0x000000074db00000, 0x000000074db00000| Complete 
| 164|0x000000074dc00000, 0x000000074dd00000, 0x000000074dd00000|100%| E|CS|TAMS 0x000000074dc00000, 0x000000074dc00000| Complete 
| 165|0x000000074dd00000, 0x000000074de00000, 0x000000074de00000|100%| E|CS|TAMS 0x000000074dd00000, 0x000000074dd00000| Complete 
| 166|0x000000074de00000, 0x000000074df00000, 0x000000074df00000|100%| E|CS|TAMS 0x000000074de00000, 0x000000074de00000| Complete 
| 167|0x000000074df00000, 0x000000074e000000, 0x000000074e000000|100%| E|CS|TAMS 0x000000074df00000, 0x000000074df00000| Complete 
| 168|0x000000074e000000, 0x000000074e100000, 0x000000074e100000|100%| E|CS|TAMS 0x000000074e000000, 0x000000074e000000| Complete 
| 169|0x000000074e100000, 0x000000074e200000, 0x000000074e200000|100%| E|CS|TAMS 0x000000074e100000, 0x000000074e100000| Complete 
| 170|0x000000074e200000, 0x000000074e300000, 0x000000074e300000|100%| E|CS|TAMS 0x000000074e200000, 0x000000074e200000| Complete 
| 171|0x000000074e300000, 0x000000074e400000, 0x000000074e400000|100%| E|CS|TAMS 0x000000074e300000, 0x000000074e300000| Complete 
| 172|0x000000074e400000, 0x000000074e500000, 0x000000074e500000|100%| E|CS|TAMS 0x000000074e400000, 0x000000074e400000| Complete 
| 173|0x000000074e500000, 0x000000074e600000, 0x000000074e600000|100%| E|CS|TAMS 0x000000074e500000, 0x000000074e500000| Complete 
| 174|0x000000074e600000, 0x000000074e700000, 0x000000074e700000|100%| E|CS|TAMS 0x000000074e600000, 0x000000074e600000| Complete 
| 175|0x000000074e700000, 0x000000074e800000, 0x000000074e800000|100%| E|CS|TAMS 0x000000074e700000, 0x000000074e700000| Complete 
| 176|0x000000074e800000, 0x000000074e900000, 0x000000074e900000|100%| E|CS|TAMS 0x000000074e800000, 0x000000074e800000| Complete 
| 177|0x000000074e900000, 0x000000074ea00000, 0x000000074ea00000|100%| E|CS|TAMS 0x000000074e900000, 0x000000074e900000| Complete 
| 178|0x000000074ea00000, 0x000000074eb00000, 0x000000074eb00000|100%| E|CS|TAMS 0x000000074ea00000, 0x000000074ea00000| Complete 
| 179|0x000000074eb00000, 0x000000074ec00000, 0x000000074ec00000|100%| E|CS|TAMS 0x000000074eb00000, 0x000000074eb00000| Complete 
| 180|0x000000074ec00000, 0x000000074ed00000, 0x000000074ed00000|100%| E|CS|TAMS 0x000000074ec00000, 0x000000074ec00000| Complete 
| 181|0x000000074ed00000, 0x000000074ee00000, 0x000000074ee00000|100%| E|CS|TAMS 0x000000074ed00000, 0x000000074ed00000| Complete 
| 182|0x000000074ee00000, 0x000000074ef00000, 0x000000074ef00000|100%| E|CS|TAMS 0x000000074ee00000, 0x000000074ee00000| Complete 
| 183|0x000000074ef00000, 0x000000074f000000, 0x000000074f000000|100%| E|CS|TAMS 0x000000074ef00000, 0x000000074ef00000| Complete 
| 184|0x000000074f000000, 0x000000074f100000, 0x000000074f100000|100%| E|CS|TAMS 0x000000074f000000, 0x000000074f000000| Complete 
| 185|0x000000074f100000, 0x000000074f200000, 0x000000074f200000|100%| E|CS|TAMS 0x000000074f100000, 0x000000074f100000| Complete 
| 186|0x000000074f200000, 0x000000074f300000, 0x000000074f300000|100%| E|CS|TAMS 0x000000074f200000, 0x000000074f200000| Complete 
| 187|0x000000074f300000, 0x000000074f400000, 0x000000074f400000|100%| E|CS|TAMS 0x000000074f300000, 0x000000074f300000| Complete 
| 188|0x000000074f400000, 0x000000074f500000, 0x000000074f500000|100%| E|CS|TAMS 0x000000074f400000, 0x000000074f400000| Complete 
| 189|0x000000074f500000, 0x000000074f600000, 0x000000074f600000|100%| E|CS|TAMS 0x000000074f500000, 0x000000074f500000| Complete 

Card table byte_map: [0x00000283baf00000,0x00000283bb4f0000] _byte_map_base: 0x00000283b74e4000

Marking Bits (Prev, Next): (CMBitMap*) 0x00000283a53de768, (CMBitMap*) 0x00000283a53de7a0
 Prev Bits: [0x00000283bbae0000, 0x00000283bea00000)
 Next Bits: [0x00000283bea00000, 0x00000283c1920000)

Polling page: 0x00000283a54b0000

Metaspace:

Usage:
  Non-class:     41.88 MB capacity,    40.84 MB ( 98%) used,   878.05 KB (  2%) free+waste,   182.69 KB ( <1%) overhead. 
      Class:      6.69 MB capacity,     6.05 MB ( 90%) used,   559.45 KB (  8%) free+waste,    91.13 KB (  1%) overhead. 
       Both:     48.57 MB capacity,    46.90 MB ( 97%) used,     1.40 MB (  3%) free+waste,   273.81 KB ( <1%) overhead. 

Virtual space:
  Non-class space:       44.00 MB reserved,      42.08 MB ( 96%) committed 
      Class space:        1.00 GB reserved,       6.75 MB ( <1%) committed 
             Both:        1.04 GB reserved,      48.83 MB (  5%) committed 

Chunk freelists:
   Non-Class:  10.00 KB
       Class:  0 bytes
        Both:  10.00 KB

MaxMetaspaceSize: 17179869184.00 GB
CompressedClassSpaceSize: 1.00 GB

CodeHeap 'non-profiled nmethods': size=238336Kb used=9154Kb max_used=9154Kb free=229181Kb
 bounds [0x00000283abd20000, 0x00000283ac620000, 0x00000283ba5e0000]
CodeHeap 'non-nmethods': size=7424Kb used=1221Kb max_used=1221Kb free=6202Kb
 bounds [0x00000283ab5e0000, 0x00000283ab850000, 0x00000283abd20000]
 total_blobs=6065 nmethods=5239 adapters=479
 compilation: enabled
              stopped_count=0, restarted_count=0
 full_count=0

Compilation events (20 events):
Event: 7.621 Thread 0x00000283c4c5c800 5230   !   1       java.util.concurrent.ConcurrentHashMap::replaceNode (437 bytes)
Event: 7.622 Thread 0x00000283c4c5c800 nmethod 5230 0x00000283ac60a390 code [0x00000283ac60a620, 0x00000283ac60b4c0]
Event: 7.623 Thread 0x00000283c4c5c800 5231       1       org.springframework.beans.BeanWrapperImpl::<init> (6 bytes)
Event: 7.623 Thread 0x00000283c4c5c800 nmethod 5231 0x00000283ac60bd10 code [0x00000283ac60bec0, 0x00000283ac60c010]
Event: 7.623 Thread 0x00000283c4c5c800 5232       1       org.springframework.beans.BeanWrapperImpl::<init> (6 bytes)
Event: 7.623 Thread 0x00000283c4c5c800 nmethod 5232 0x00000283ac60c090 code [0x00000283ac60c240, 0x00000283ac60c370]
Event: 7.623 Thread 0x00000283c4c5c800 5233       1       org.springframework.beans.AbstractNestablePropertyAccessor::<init> (37 bytes)
Event: 7.624 Thread 0x00000283c4c5c800 nmethod 5233 0x00000283ac60c410 code [0x00000283ac60c5c0, 0x00000283ac60c8b8]
Event: 7.624 Thread 0x00000283c4c5c800 5234       1       org.springframework.beans.BeanWrapperImpl::setBeanInstance (35 bytes)
Event: 7.624 Thread 0x00000283c4c5c800 nmethod 5234 0x00000283ac60c990 code [0x00000283ac60cb80, 0x00000283ac60cfe0]
Event: 7.624 Thread 0x00000283c4c5c800 5235       1       java.util.concurrent.ConcurrentHashMap$CollectionView::toArray (204 bytes)
Event: 7.624 Thread 0x00000283c4c5c800 nmethod 5235 0x00000283ac60d110 code [0x00000283ac60d380, 0x00000283ac60db40]
Event: 7.624 Thread 0x00000283c4c5c800 5236   !   1       jdk.internal.loader.AbstractClassLoaderValue::get (21 bytes)
Event: 7.625 Thread 0x00000283c4c5c800 nmethod 5236 0x00000283ac60df90 code [0x00000283ac60e160, 0x00000283ac60e3f0]
Event: 7.626 Thread 0x00000283c4c5c800 5237   !   1       org.springframework.beans.factory.support.DefaultSingletonBeanRegistry::registerDependentBean (115 bytes)
Event: 7.626 Thread 0x00000283c4c5c800 nmethod 5237 0x00000283ac60e610 code [0x00000283ac60e820, 0x00000283ac60ef70]
Event: 7.627 Thread 0x00000283c4c5c800 5238       1       ch.qos.logback.core.pattern.FormattingConverter::write (154 bytes)
Event: 7.628 Thread 0x00000283c4c5c800 nmethod 5238 0x00000283ac60f290 code [0x00000283ac60f4e0, 0x00000283ac60f980]
Event: 7.628 Thread 0x00000283c4c5c800 5239       1       java.lang.ClassLoader::definePackage (84 bytes)
Event: 7.629 Thread 0x00000283c4c5c800 nmethod 5239 0x00000283ac60fc90 code [0x00000283ac60fee0, 0x00000283ac610690]

GC Heap History (16 events):
Event: 1.204 GC heap before
{Heap before GC invocations=0 (full 0):
 garbage-first heap   total 194560K, used 23552K [0x0000000743800000, 0x0000000800000000)
  region size 1024K, 24 young (24576K), 0 survivors (0K)
 Metaspace       used 13309K, capacity 13684K, committed 13824K, reserved 1060864K
  class space    used 1378K, capacity 1476K, committed 1536K, reserved 1048576K
}
Event: 1.215 GC heap after
{Heap after GC invocations=1 (full 0):
 garbage-first heap   total 194560K, used 7470K [0x0000000743800000, 0x0000000800000000)
  region size 1024K, 3 young (3072K), 3 survivors (3072K)
 Metaspace       used 13309K, capacity 13684K, committed 13824K, reserved 1060864K
  class space    used 1378K, capacity 1476K, committed 1536K, reserved 1048576K
}
Event: 1.484 GC heap before
{Heap before GC invocations=1 (full 0):
 garbage-first heap   total 194560K, used 22830K [0x0000000743800000, 0x0000000800000000)
  region size 1024K, 18 young (18432K), 3 survivors (3072K)
 Metaspace       used 14572K, capacity 14952K, committed 15104K, reserved 1062912K
  class space    used 1531K, capacity 1668K, committed 1792K, reserved 1048576K
}
Event: 1.488 GC heap after
{Heap after GC invocations=2 (full 0):
 garbage-first heap   total 194560K, used 8697K [0x0000000743800000, 0x0000000800000000)
  region size 1024K, 1 young (1024K), 1 survivors (1024K)
 Metaspace       used 14572K, capacity 14952K, committed 15104K, reserved 1062912K
  class space    used 1531K, capacity 1668K, committed 1792K, reserved 1048576K
}
Event: 2.038 GC heap before
{Heap before GC invocations=2 (full 0):
 garbage-first heap   total 194560K, used 54777K [0x0000000743800000, 0x0000000800000000)
  region size 1024K, 47 young (48128K), 1 survivors (1024K)
 Metaspace       used 20222K, capacity 20783K, committed 20992K, reserved 1067008K
  class space    used 2311K, capacity 2544K, committed 2560K, reserved 1048576K
}
Event: 2.093 GC heap after
{Heap after GC invocations=3 (full 0):
 garbage-first heap   total 194560K, used 9867K [0x0000000743800000, 0x0000000800000000)
  region size 1024K, 3 young (3072K), 3 survivors (3072K)
 Metaspace       used 20222K, capacity 20783K, committed 20992K, reserved 1067008K
  class space    used 2311K, capacity 2544K, committed 2560K, reserved 1048576K
}
Event: 2.177 GC heap before
{Heap before GC invocations=3 (full 0):
 garbage-first heap   total 194560K, used 18059K [0x0000000743800000, 0x0000000800000000)
  region size 1024K, 12 young (12288K), 3 survivors (3072K)
 Metaspace       used 20631K, capacity 21199K, committed 21296K, reserved 1069056K
  class space    used 2428K, capacity 2640K, committed 2688K, reserved 1048576K
}
Event: 2.180 GC heap after
{Heap after GC invocations=4 (full 0):
 garbage-first heap   total 194560K, used 10151K [0x0000000743800000, 0x0000000800000000)
  region size 1024K, 3 young (3072K), 3 survivors (3072K)
 Metaspace       used 20631K, capacity 21199K, committed 21296K, reserved 1069056K
  class space    used 2428K, capacity 2640K, committed 2688K, reserved 1048576K
}
Event: 3.963 GC heap before
{Heap before GC invocations=5 (full 0):
 garbage-first heap   total 194560K, used 107431K [0x0000000743800000, 0x0000000800000000)
  region size 1024K, 99 young (101376K), 3 survivors (3072K)
 Metaspace       used 29601K, capacity 30513K, committed 30640K, reserved 1075200K
  class space    used 3654K, capacity 4030K, committed 4096K, reserved 1048576K
}
Event: 3.967 GC heap after
{Heap after GC invocations=6 (full 0):
 garbage-first heap   total 194560K, used 13593K [0x0000000743800000, 0x0000000800000000)
  region size 1024K, 6 young (6144K), 6 survivors (6144K)
 Metaspace       used 29601K, capacity 30513K, committed 30640K, reserved 1075200K
  class space    used 3654K, capacity 4030K, committed 4096K, reserved 1048576K
}
Event: 4.307 GC heap before
{Heap before GC invocations=6 (full 0):
 garbage-first heap   total 194560K, used 124185K [0x0000000743800000, 0x0000000800000000)
  region size 1024K, 114 young (116736K), 6 survivors (6144K)
 Metaspace       used 29966K, capacity 30883K, committed 31024K, reserved 1077248K
  class space    used 3711K, capacity 4105K, committed 4224K, reserved 1048576K
}
Event: 4.312 GC heap after
{Heap after GC invocations=7 (full 0):
 garbage-first heap   total 194560K, used 14673K [0x0000000743800000, 0x0000000800000000)
  region size 1024K, 7 young (7168K), 7 survivors (7168K)
 Metaspace       used 29966K, capacity 30883K, committed 31024K, reserved 1077248K
  class space    used 3711K, capacity 4105K, committed 4224K, reserved 1048576K
}
Event: 5.128 GC heap before
{Heap before GC invocations=7 (full 0):
 garbage-first heap   total 194560K, used 120145K [0x0000000743800000, 0x0000000800000000)
  region size 1024K, 111 young (113664K), 7 survivors (7168K)
 Metaspace       used 34744K, capacity 35811K, committed 35920K, reserved 1081344K
  class space    used 4388K, capacity 4804K, committed 4864K, reserved 1048576K
}
Event: 5.142 GC heap after
{Heap after GC invocations=8 (full 0):
 garbage-first heap   total 194560K, used 16922K [0x0000000743800000, 0x0000000800000000)
  region size 1024K, 9 young (9216K), 9 survivors (9216K)
 Metaspace       used 34744K, capacity 35811K, committed 35920K, reserved 1081344K
  class space    used 4388K, capacity 4804K, committed 4864K, reserved 1048576K
}
Event: 5.954 GC heap before
{Heap before GC invocations=9 (full 0):
 garbage-first heap   total 194560K, used 124442K [0x0000000743800000, 0x0000000800000000)
  region size 1024K, 114 young (116736K), 9 survivors (9216K)
 Metaspace       used 41303K, capacity 42541K, committed 42704K, reserved 1087488K
  class space    used 5208K, capacity 5690K, committed 5760K, reserved 1048576K
}
Event: 5.962 GC heap after
{Heap after GC invocations=10 (full 0):
 garbage-first heap   total 194560K, used 22239K [0x0000000743800000, 0x0000000800000000)
  region size 1024K, 13 young (13312K), 13 survivors (13312K)
 Metaspace       used 41303K, capacity 42541K, committed 42704K, reserved 1087488K
  class space    used 5208K, capacity 5690K, committed 5760K, reserved 1048576K
}

Deoptimization events (4 events):
Event: 7.367 Thread 0x00000283c5842000 DEOPT PACKING pc=0x00000283ac032773 sp=0x000000b9038fd170
Event: 7.367 Thread 0x00000283c5842000 DEOPT UNPACKING pc=0x00000283ab60a7de sp=0x000000b9038fc678 mode 3
Event: 7.493 Thread 0x00000283c5842000 DEOPT PACKING pc=0x00000283abec87ac sp=0x000000b9038fcb50
Event: 7.493 Thread 0x00000283c5842000 DEOPT UNPACKING pc=0x00000283ab60a7de sp=0x000000b9038fc068 mode 0

Classes redefined (0 events):
No events

Internal exceptions (20 events):
Event: 6.589 Thread 0x00000283c5842000 Exception <a 'java/lang/ClassNotFoundException'{0x000000074d99f5c0}: org/springframework/context/ResourceLoaderAwareCustomizer> (0x000000074d99f5c0) thrown at [./src/hotspot/share/classfile/systemDictionary.cpp, line 231]
Event: 6.589 Thread 0x00000283c5842000 Exception <a 'java/lang/ClassNotFoundException'{0x000000074d9b1a18}: org/springframework/beans/factory/AwareCustomizer> (0x000000074d9b1a18) thrown at [./src/hotspot/share/classfile/systemDictionary.cpp, line 231]
Event: 6.589 Thread 0x00000283c5842000 Exception <a 'java/lang/ClassNotFoundException'{0x000000074d9c57f0}: org/springframework/context/ApplicationContextAwareCustomizer> (0x000000074d9c57f0) thrown at [./src/hotspot/share/classfile/systemDictionary.cpp, line 231]
Event: 6.590 Thread 0x00000283c5842000 Exception <a 'java/lang/ClassNotFoundException'{0x000000074d9d85d8}: org/springframework/beans/factory/AwareCustomizer> (0x000000074d9d85d8) thrown at [./src/hotspot/share/classfile/systemDictionary.cpp, line 231]
Event: 6.590 Thread 0x00000283c5842000 Exception <a 'java/lang/ClassNotFoundException'{0x000000074d9ec388}: org/springframework/web/context/ServletContextAwareCustomizer> (0x000000074d9ec388) thrown at [./src/hotspot/share/classfile/systemDictionary.cpp, line 231]
Event: 6.590 Thread 0x00000283c5842000 Exception <a 'java/lang/ClassNotFoundException'{0x000000074d9fec48}: org/springframework/beans/factory/AwareCustomizer> (0x000000074d9fec48) thrown at [./src/hotspot/share/classfile/systemDictionary.cpp, line 231]
Event: 6.599 Thread 0x00000283c5842000 Exception <a 'java/lang/NoSuchMethodError'{0x000000074d88f058}: 'void java.lang.invoke.DirectMethodHandle$Holder.invokeVirtual(java.lang.Object, java.lang.Object, java.lang.Object, java.lang.Object)'> (0x000000074d88f058) thrown at [./src/hotspot/share/interpreter/linkResolver.cpp, line 773]
Event: 6.633 Thread 0x00000283c5842000 Exception <a 'java/lang/NoSuchMethodError'{0x000000074d555678}: 'int java.lang.invoke.DirectMethodHandle$Holder.invokeStaticInit(java.lang.Object)'> (0x000000074d555678) thrown at [./src/hotspot/share/interpreter/linkResolver.cpp, line 773]
Event: 6.634 Thread 0x00000283c5842000 Exception <a 'java/lang/NoSuchMethodError'{0x000000074d55a598}: 'int java.lang.invoke.DirectMethodHandle$Holder.invokeVirtual(java.lang.Object, java.lang.Object, java.lang.Object)'> (0x000000074d55a598) thrown at [./src/hotspot/share/interpreter/linkResolver.cpp, line 773]
Event: 6.712 Thread 0x00000283c5842000 Exception <a 'java/lang/NoSuchMethodError'{0x000000074ceac070}: 'void java.lang.invoke.DirectMethodHandle$Holder.invokeVirtual(java.lang.Object, java.lang.Object, int)'> (0x000000074ceac070) thrown at [./src/hotspot/share/interpreter/linkResolver.cpp, line 773]
Event: 6.785 Thread 0x00000283c5842000 Exception <a 'java/lang/NoSuchMethodError'{0x000000074c8fc6f8}: 'java.lang.Object java.lang.invoke.DirectMethodHandle$Holder.invokeInterface(java.lang.Object, java.lang.Object, java.lang.Object)'> (0x000000074c8fc6f8) thrown at [./src/hotspot/share/interpreter/linkResolver.cpp, line 773]
Event: 6.786 Thread 0x00000283c5842000 Exception <a 'java/lang/IncompatibleClassChangeError'{0x000000074c8ff680}: Found class java.lang.Object, but interface was expected> (0x000000074c8ff680) thrown at [./src/hotspot/share/interpreter/linkResolver.cpp, line 839]
Event: 6.809 Thread 0x00000283c5842000 Exception <a 'java/lang/NoSuchMethodError'{0x000000074c6b68f8}: 'int java.lang.invoke.DirectMethodHandle$Holder.invokeStaticInit(java.lang.Object, java.lang.Object, java.lang.Object, java.lang.Object)'> (0x000000074c6b68f8) thrown at [./src/hotspot/share/interpreter/linkResolver.cpp, line 773]
Event: 6.820 Thread 0x00000283c6473000 Exception <a 'java/lang/reflect/InvocationTargetException'{0x000000074c4047c8}> (0x000000074c4047c8) thrown at [./src/hotspot/share/runtime/reflection.cpp, line 1247]
Event: 7.151 Thread 0x00000283c5842000 Exception <a 'java/lang/NoSuchMethodError'{0x000000074bf02858}: 'java.lang.Object java.lang.invoke.DirectMethodHandle$Holder.invokeSpecial(java.lang.Object, java.lang.Object, java.lang.Object, java.lang.Object, java.lang.Object, java.lang.Object, java.lang.Object, java.lang.Object, java.lang.Object, java.lang.Object)'> (0x000000074bf02858) thrown at [./src/hotspot/share/interpreter/linkResolver.cpp, line 773]
Event: 7.151 Thread 0x00000283c5842000 Exception <a 'java/lang/NoSuchMethodError'{0x000000074bf06cd0}: 'java.lang.Object java.lang.invoke.Invokers$Holder.linkToTargetMethod(java.lang.Object, java.lang.Object, java.lang.Object, java.lang.Object, java.lang.Object, java.lang.Object, java.lang.Object, java.lang.Object, java.lang.Object)'> (0x000000074bf06cd0) thrown at [./src/hotspot/share/interpreter/linkResolver.cpp, line 773]
Event: 7.234 Thread 0x00000283c5842000 Exception <a 'java/lang/NoSuchMethodError'{0x000000074b98a208}: 'java.lang.Object java.lang.invoke.DirectMethodHandle$Holder.invokeSpecialIFC(java.lang.Object, java.lang.Object, java.lang.Object, java.lang.Object)'> (0x000000074b98a208) thrown at [./src/hotspot/share/interpreter/linkResolver.cpp, line 773]
Event: 7.326 Thread 0x00000283c6473000 Exception <a 'java/lang/reflect/InvocationTargetException'{0x000000074c411640}> (0x000000074c411640) thrown at [./src/hotspot/share/runtime/reflection.cpp, line 1247]
Event: 7.427 Thread 0x00000283c5842000 Exception <a 'java/net/BindException'{0x000000074aaa8c48}: Address already in use: NET_Bind> (0x000000074aaa8c48) thrown at [./src/hotspot/share/prims/jni.cpp, line 636]
Event: 7.544 Thread 0x00000283c5842000 Exception <a 'sun/nio/fs/WindowsException'{0x000000074a2d5418}> (0x000000074a2d5418) thrown at [./src/hotspot/share/prims/jni.cpp, line 615]

Events (20 events):
Event: 7.620 loading class javax/servlet/ServletRequestWrapper
Event: 7.620 loading class javax/servlet/ServletRequestWrapper done
Event: 7.623 loading class org/springframework/cloud/netflix/zuul/filters/ZuulProperties
Event: 7.623 loading class org/springframework/cloud/netflix/zuul/filters/ZuulProperties done
Event: 7.623 loading class org/springframework/cloud/netflix/zuul/filters/ZuulProperties
Event: 7.623 loading class org/springframework/cloud/netflix/zuul/filters/ZuulProperties done
Event: 7.623 loading class java/lang/ThreadLocal$SuppliedThreadLocal
Event: 7.623 loading class java/lang/ThreadLocal$SuppliedThreadLocal done
Event: 7.623 loading class org/springframework/cloud/netflix/zuul/filters/post/SendErrorFilter$ExceptionHolder
Event: 7.623 loading class org/springframework/cloud/netflix/zuul/filters/post/SendErrorFilter$ExceptionHolder done
Event: 7.624 loading class sun/reflect/annotation/AnnotationInvocationHandler$1
Event: 7.624 loading class sun/reflect/annotation/AnnotationInvocationHandler$1 done
Event: 7.626 loading class com/netflix/zuul/DefaultFilterFactory
Event: 7.626 loading class com/netflix/zuul/DefaultFilterFactory done
Event: 7.626 loading class com/netflix/zuul/FilterFactory
Event: 7.626 loading class com/netflix/zuul/FilterFactory done
Event: 7.628 loading class org/springframework/web/servlet/mvc/ServletWrappingController$DelegatingServletConfig
Event: 7.628 loading class org/springframework/web/servlet/mvc/ServletWrappingController$DelegatingServletConfig done
Event: 7.628 loading class com/netflix/zuul/ZuulRunner
Event: 7.628 loading class com/netflix/zuul/ZuulRunner done


Dynamic libraries:
0x00007ff7436c0000 - 0x00007ff7436ca000 	C:\Program Files\JetBrains\IntelliJ IDEA 2020.1.1\jbr\bin\java.exe
0x00007ff969020000 - 0x00007ff969210000 	C:\Windows\SYSTEM32\ntdll.dll
0x00007ff95e4b0000 - 0x00007ff95e4c3000 	C:\Program Files\AVAST Software\Avast\aswhook.dll
0x00007ff968f20000 - 0x00007ff968fd2000 	C:\Windows\System32\KERNEL32.DLL
0x00007ff966ca0000 - 0x00007ff966f44000 	C:\Windows\System32\KERNELBASE.dll
0x00007ff9661f0000 - 0x00007ff9662ea000 	C:\Windows\System32\ucrtbase.dll
0x00007ff954af0000 - 0x00007ff954b09000 	C:\Program Files\JetBrains\IntelliJ IDEA 2020.1.1\jbr\bin\jli.dll
0x00007ff967590000 - 0x00007ff967724000 	C:\Windows\System32\USER32.dll
0x00007ff966bf0000 - 0x00007ff966c11000 	C:\Windows\System32\win32u.dll
0x00007ff967390000 - 0x00007ff9673b6000 	C:\Windows\System32\GDI32.dll
0x00007ff966050000 - 0x00007ff9661e6000 	C:\Windows\System32\gdi32full.dll
0x00007ff966a80000 - 0x00007ff966b1e000 	C:\Windows\System32\msvcp_win.dll
0x00007ff954a50000 - 0x00007ff954a67000 	C:\Program Files\JetBrains\IntelliJ IDEA 2020.1.1\jbr\bin\VCRUNTIME140.dll
0x00007ff94b340000 - 0x00007ff94b5c4000 	C:\Windows\WinSxS\amd64_microsoft.windows.common-controls_6595b64144ccf1df_6.0.18362.959_none_e6c7bbbf130c62bb\COMCTL32.dll
0x00007ff967d90000 - 0x00007ff967e2e000 	C:\Windows\System32\msvcrt.dll
0x00007ff967a50000 - 0x00007ff967d85000 	C:\Windows\System32\combase.dll
0x00007ff9670d0000 - 0x00007ff9671f0000 	C:\Windows\System32\RPCRT4.dll
0x00007ff966c20000 - 0x00007ff966ca0000 	C:\Windows\System32\bcryptPrimitives.dll
0x00007ff9686e0000 - 0x00007ff96870e000 	C:\Windows\System32\IMM32.DLL
0x00007ff932760000 - 0x00007ff9327fd000 	C:\Program Files\JetBrains\IntelliJ IDEA 2020.1.1\jbr\bin\msvcp140.dll
0x00007ff902fb0000 - 0x00007ff903a6b000 	C:\Program Files\JetBrains\IntelliJ IDEA 2020.1.1\jbr\bin\server\jvm.dll
0x00007ff968630000 - 0x00007ff9686d3000 	C:\Windows\System32\ADVAPI32.dll
0x00007ff967850000 - 0x00007ff9678e7000 	C:\Windows\System32\sechost.dll
0x00007ff968eb0000 - 0x00007ff968eb8000 	C:\Windows\System32\PSAPI.DLL
0x00007ff953670000 - 0x00007ff953679000 	C:\Windows\SYSTEM32\WSOCK32.dll
0x00007ff9685c0000 - 0x00007ff96862f000 	C:\Windows\System32\WS2_32.dll
0x00007ff961b40000 - 0x00007ff961b64000 	C:\Windows\SYSTEM32\WINMM.dll
0x00007ff95c580000 - 0x00007ff95c58a000 	C:\Windows\SYSTEM32\VERSION.dll
0x00007ff961930000 - 0x00007ff96195d000 	C:\Windows\SYSTEM32\WINMMBASE.dll
0x00007ff966000000 - 0x00007ff96604a000 	C:\Windows\System32\cfgmgr32.dll
0x00007ff965ee0000 - 0x00007ff965ef1000 	C:\Windows\System32\kernel.appcore.dll
0x00007ff95eba0000 - 0x00007ff95ebb1000 	C:\Program Files\JetBrains\IntelliJ IDEA 2020.1.1\jbr\bin\verify.dll
0x00007ff964670000 - 0x00007ff964864000 	C:\Windows\SYSTEM32\DBGHELP.DLL
0x00007ff95bab0000 - 0x00007ff95bada000 	C:\Windows\SYSTEM32\dbgcore.DLL
0x00007ff95dac0000 - 0x00007ff95dae9000 	C:\Program Files\JetBrains\IntelliJ IDEA 2020.1.1\jbr\bin\java.dll
0x00007ff95e7f0000 - 0x00007ff95e7ff000 	C:\Program Files\JetBrains\IntelliJ IDEA 2020.1.1\jbr\bin\instrument.dll
0x00007ff95e450000 - 0x00007ff95e468000 	C:\Program Files\JetBrains\IntelliJ IDEA 2020.1.1\jbr\bin\zip.dll
0x00007ff9611c0000 - 0x00007ff9611cb000 	C:\Program Files\JetBrains\IntelliJ IDEA 2020.1.1\jbr\bin\jimage.dll
0x00007ff968710000 - 0x00007ff968df6000 	C:\Windows\System32\SHELL32.dll
0x00007ff967730000 - 0x00007ff9677d9000 	C:\Windows\System32\shcore.dll
0x00007ff9662f0000 - 0x00007ff966a72000 	C:\Windows\System32\windows.storage.dll
0x00007ff965f70000 - 0x00007ff965f93000 	C:\Windows\System32\profapi.dll
0x00007ff965f00000 - 0x00007ff965f4a000 	C:\Windows\System32\powrprof.dll
0x00007ff965ed0000 - 0x00007ff965ee0000 	C:\Windows\System32\UMPDC.dll
0x00007ff968330000 - 0x00007ff968382000 	C:\Windows\System32\shlwapi.dll
0x00007ff966bd0000 - 0x00007ff966be7000 	C:\Windows\System32\cryptsp.dll
0x00007ff95daa0000 - 0x00007ff95daba000 	C:\Program Files\JetBrains\IntelliJ IDEA 2020.1.1\jbr\bin\net.dll
0x00007ff95a570000 - 0x00007ff95a660000 	C:\Windows\SYSTEM32\WINHTTP.dll
0x00007ff9656f0000 - 0x00007ff965757000 	C:\Windows\system32\mswsock.dll
0x00007ff95da80000 - 0x00007ff95da94000 	C:\Program Files\JetBrains\IntelliJ IDEA 2020.1.1\jbr\bin\nio.dll
0x00007ff95e7d0000 - 0x00007ff95e7ea000 	C:\Program Files\JetBrains\IntelliJ IDEA 2020.1.1\bin\breakgen64.dll
0x00007ff965450000 - 0x00007ff96551b000 	C:\Windows\SYSTEM32\DNSAPI.dll
0x00007ff968320000 - 0x00007ff968328000 	C:\Windows\System32\NSI.dll
0x00007ff965410000 - 0x00007ff96544a000 	C:\Windows\SYSTEM32\IPHLPAPI.DLL
0x00007ff953d80000 - 0x00007ff953d8a000 	C:\Windows\System32\rasadhlp.dll
0x00007ff957810000 - 0x00007ff957887000 	C:\Windows\System32\fwpuclnt.dll
0x00007ff9670a0000 - 0x00007ff9670c6000 	C:\Windows\System32\bcrypt.dll
0x00007ff961120000 - 0x00007ff96112a000 	C:\Program Files\JetBrains\IntelliJ IDEA 2020.1.1\jbr\bin\management.dll
0x00007ff961090000 - 0x00007ff96109c000 	C:\Program Files\JetBrains\IntelliJ IDEA 2020.1.1\jbr\bin\management_ext.dll
0x00007ff965210000 - 0x00007ff965243000 	C:\Windows\system32\rsaenh.dll
0x00007ff965df0000 - 0x00007ff965e15000 	C:\Windows\SYSTEM32\USERENV.dll
0x00007ff965870000 - 0x00007ff96587c000 	C:\Windows\SYSTEM32\CRYPTBASE.dll
0x00007ff957a10000 - 0x00007ff957a26000 	C:\Windows\SYSTEM32\dhcpcsvc6.DLL
0x00007ff9579f0000 - 0x00007ff957a0c000 	C:\Windows\SYSTEM32\dhcpcsvc.DLL
0x00007ff93f9d0000 - 0x00007ff93f9e6000 	C:\Windows\system32\napinsp.dll
0x00007ff93f9b0000 - 0x00007ff93f9ca000 	C:\Windows\system32\pnrpnsp.dll
0x00007ff93fda0000 - 0x00007ff93fdae000 	C:\Windows\System32\winrnr.dll
0x00007ff961030000 - 0x00007ff96104c000 	C:\Windows\system32\NLAapi.dll
0x00007ff95fde0000 - 0x00007ff95fdf5000 	C:\Windows\system32\wshbth.dll
0x00007ff95cf10000 - 0x00007ff95cf38000 	C:\Program Files\JetBrains\IntelliJ IDEA 2020.1.1\jbr\bin\sunec.dll

dbghelp: loaded successfully - version: 4.0.5 - missing functions: none
symbol engine: initialized successfully - sym options: 0x614 - pdb path: .;C:\Program Files\JetBrains\IntelliJ IDEA 2020.1.1\jbr\bin;C:\Windows\SYSTEM32;C:\Program Files\AVAST Software\Avast;C:\Windows\WinSxS\amd64_microsoft.windows.common-controls_6595b64144ccf1df_6.0.18362.959_none_e6c7bbbf130c62bb;C:\Program Files\JetBrains\IntelliJ IDEA 2020.1.1\jbr\bin\server;C:\Program Files\JetBrains\IntelliJ IDEA 2020.1.1\bin

VM Arguments:
jvm_args: -XX:TieredStopAtLevel=1 -Xverify:none -Dspring.output.ansi.enabled=always -Dcom.sun.management.jmxremote -Dspring.jmx.enabled=true -Dspring.liveBeansView.mbeanDomain -Dspring.application.admin.enabled=true -javaagent:C:\Program Files\JetBrains\IntelliJ IDEA 2020.1.1\lib\idea_rt.jar=60137:C:\Program Files\JetBrains\IntelliJ IDEA 2020.1.1\bin -Dfile.encoding=UTF-8 
java_command: com.restaurants.zuul.ZuulApplication
java_class_path (initial): C:\Users\Jonathan\Desktop\CODE\JAVA\App\Guru\zuul\target\classes;C:\Users\Jonathan\.m2\repository\org\springframework\boot\spring-boot-starter-web\2.3.1.RELEASE\spring-boot-starter-web-2.3.1.RELEASE.jar;C:\Users\Jonathan\.m2\repository\org\springframework\boot\spring-boot-starter\2.3.1.RELEASE\spring-boot-starter-2.3.1.RELEASE.jar;C:\Users\Jonathan\.m2\repository\org\springframework\boot\spring-boot-starter-logging\2.3.1.RELEASE\spring-boot-starter-logging-2.3.1.RELEASE.jar;C:\Users\Jonathan\.m2\repository\ch\qos\logback\logback-classic\1.2.3\logback-classic-1.2.3.jar;C:\Users\Jonathan\.m2\repository\ch\qos\logback\logback-core\1.2.3\logback-core-1.2.3.jar;C:\Users\Jonathan\.m2\repository\org\apache\logging\log4j\log4j-to-slf4j\2.13.3\log4j-to-slf4j-2.13.3.jar;C:\Users\Jonathan\.m2\repository\org\apache\logging\log4j\log4j-api\2.13.3\log4j-api-2.13.3.jar;C:\Users\Jonathan\.m2\repository\org\slf4j\jul-to-slf4j\1.7.30\jul-to-slf4j-1.7.30.jar;C:\Users\Jonathan\.m2\repository\jakarta\annotation\jakarta.annotation-api\1.3.5\jakarta.annotation-api-1.3.5.jar;C:\Users\Jonathan\.m2\repository\org\yaml\snakeyaml\1.26\snakeyaml-1.26.jar;C:\Users\Jonathan\.m2\repository\org\springframework\boot\spring-boot-starter-json\2.3.1.RELEASE\spring-boot-starter-json-2.3.1.RELEASE.jar;C:\Users\Jonathan\.m2\repository\com\fasterxml\jackson\core\jackson-databind\2.11.0\jackson-databind-2.11.0.jar;C:\Users\Jonathan\.m2\repository\com\fasterxml\jackson\datatype\jackson-datatype-jdk8\2.11.0\jackson-datatype-jdk8-2.11.0.jar;C:\Users\Jonathan\.m2\repository\com\fasterxml\jackson\datatype\jackson-datatype-jsr310\2.11.0\jackson-datatype-jsr310-2.11.0.jar;C:\Users\Jonathan\.m2\repository\com\fasterxml\jackson\module\jackson-module-parameter-names\2.11.0\jackson-module-parameter-names-2.11.0.jar;C:\Users\Jonathan\.m2\repository\org\springframework\boot\spring-boot-starter-tomcat\2.3.1.RELEASE\spring-boot-starter-tomcat-2.3.1.RELEASE.jar;C:\Users\Jonathan\.m2\repository\
Launcher Type: SUN_STANDARD

[Global flags]
     bool BytecodeVerificationLocal                = false                                     {product} {command line}
     bool BytecodeVerificationRemote               = false                                     {product} {command line}
     intx CICompilerCount                          = 4                                         {product} {ergonomic}
     uint ConcGCThreads                            = 2                                         {product} {ergonomic}
     uint G1ConcRefinementThreads                  = 8                                         {product} {ergonomic}
   size_t G1HeapRegionSize                         = 1048576                                   {product} {ergonomic}
    uintx GCDrainStackTargetSize                   = 64                                        {product} {ergonomic}
   size_t InitialHeapSize                          = 199229440                                 {product} {ergonomic}
     bool ManagementServer                         = true                                      {product} {command line}
   size_t MarkStackSize                            = 4194304                                   {product} {ergonomic}
   size_t MaxHeapSize                              = 3162505216                                {product} {ergonomic}
   size_t MaxNewSize                               = 1896873984                                {product} {ergonomic}
   size_t MinHeapDeltaBytes                        = 1048576                                   {product} {ergonomic}
    uintx NonNMethodCodeHeapSize                   = 7549744                                {pd product} {ergonomic}
    uintx NonProfiledCodeHeapSize                  = 244108496                              {pd product} {ergonomic}
    uintx ProfiledCodeHeapSize                     = 0                                      {pd product} {ergonomic}
    uintx ReservedCodeCacheSize                    = 251658240                              {pd product} {ergonomic}
     bool SegmentedCodeCache                       = true                                      {product} {ergonomic}
     intx TieredStopAtLevel                        = 1                                         {product} {command line}
     bool UseCompressedClassPointers               = true                                 {lp64_product} {ergonomic}
     bool UseCompressedOops                        = true                                 {lp64_product} {ergonomic}
     bool UseG1GC                                  = true                                      {product} {ergonomic}
     bool UseLargePagesIndividualAllocation        = false                                  {pd product} {ergonomic}

Logging:
Log output configuration:
 #0: stdout all=warning uptime,level,tags
 #1: stderr all=off uptime,level,tags

Environment Variables:
JAVA_HOME=C:\Program Files\Java\jdk1.8.0_251\
JRE_HOME=C:\Program Files\Java\jdk1.8.0_251\jre
CLASSPATH=.;
PATH=C:\Python27\;C:\Python27\Scripts;C:\Program Files (x86)\Common Files\Oracle\Java\javapath;C:\Python38\Scripts\;C:\Python38\;C:\Windows\system32;C:\Windows;C:\Windows\System32\Wbem;C:\Windows\System32\WindowsPowerShell\v1.0\;C:\Windows\System32\OpenSSH\;C:\Program Files\Docker\Docker\resources\bin;C:\ProgramData\DockerDesktop\version-bin;C:\ProgramData\chocolatey\bin;C:\Program Files\Java\jdk1.8.0_251\bin;C:\Program Files\apache-maven-3.6.3\bin;C:\Program Files (x86)\Yarn\bin\;C:\Users\Jonathan\AppData\Local\Android\Sdk\platform-tools;C:\Program Files\Java\jdk1.8.0_211\bin;C:\Program Files\Git\cmd;C:\Program Files\nodejs\;C:\Users\Jonathan\AppData\Local\Microsoft\WindowsApps;C:\Users\Jonathan\AppData\Local\Programs\Microsoft VS Code\bin;C:\Program Files\Java\jdk1.8.0_251\bin;C:\Program Files\apache-maven-3.6.3\bin;C:\Users\Jonathan\AppData\Local\Yarn\bin;C:\Users\Jonathan\AppData\Roaming\npm
USERNAME=Jonathan
OS=Windows_NT
PROCESSOR_IDENTIFIER=Intel64 Family 6 Model 126 Stepping 5, GenuineIntel



---------------  S Y S T E M  ---------------

OS: Windows 10 , 64 bit Build 18362 (10.0.18362.959)
OS uptime: 1 days 18:19 hours
HyperV virtualization detected

CPU:total 8 (initial active 8) (4 cores per cpu, 2 threads per core) family 6 model 126 stepping 5, cmov, cx8, fxsr, mmx, sse, sse2, sse3, ssse3, sse4.1, sse4.2, popcnt, avx, avx2, aes, clmul, erms, 3dnowpref, lzcnt, ht, tsc, tscinvbit, bmi1, bmi2, adx, evex, sha, fma

Memory: 4k page, system-wide physical 12063M (4556M free)
TotalPageFile size 14914M (AvailPageFile size 5471M)
current process WorkingSet (physical memory assigned to process): 258M, peak: 258M
current process commit charge ("private bytes"): 352M, peak: 352M

vm_info: OpenJDK 64-Bit Server VM (11.0.7+10-b765.64) for windows-amd64 JRE (11.0.7+10-b765.64), built on Jun 22 2020 14:48:21 by "" with MS VC++ 14.0 (VS2015)

END.
